# JRE version: OpenJDK Runtime Environment (8.0_112-b224) (build 1.8.0_112-release-b736)
# Java VM: OpenJDK 64-Bit Server VM (25.112-b736 mixed mode linux-amd64 compressed oops)
Heap:
 PSYoungGen      total 413184K, used 10957K [0x00000000d5580000, 0x0000000100000000, 0x0000000100000000)
  eden space 258560K, 0% used [0x00000000d5580000,0x00000000d5580000,0x00000000e5200000)
  from space 154624K, 7% used [0x00000000f6900000,0x00000000f73b3628,0x0000000100000000)
  to   space 220160K, 0% used [0x00000000e5200000,0x00000000e5200000,0x00000000f2900000)
 ParOldGen       total 573952K, used 573567K [0x0000000080000000, 0x00000000a3080000, 0x00000000d5580000)
  object space 573952K, 99% used [0x0000000080000000,0x00000000a301fce0,0x00000000a3080000)
 Metaspace       used 95600K, capacity 98870K, committed 99032K, reserved 1136640K
  class space    used 11650K, capacity 12475K, committed 12544K, reserved 1048576K
GC Heap History (10 events):
Event: 646.981 GC heap after
Heap after GC invocations=24 (full 6):
 PSYoungGen      total 568832K, used 71757K [0x00000000d5580000, 0x0000000100000000, 0x0000000100000000)
  eden space 444928K, 0% used [0x00000000d5580000,0x00000000d5580000,0x00000000f0800000)
  from space 123904K, 57% used [0x00000000f8700000,0x00000000fcd13730,0x0000000100000000)
  to   space 126976K, 0% used [0x00000000f0800000,0x00000000f0800000,0x00000000f8400000)
 ParOldGen       total 573952K, used 364791K [0x0000000080000000, 0x00000000a3080000, 0x00000000d5580000)
  object space 573952K, 63% used [0x0000000080000000,0x000000009643df58,0x00000000a3080000)
 Metaspace       used 90888K, capacity 93956K, committed 94040K, reserved 1132544K
  class space    used 11148K, capacity 11902K, committed 11904K, reserved 1048576K
}
Event: 650.624 GC heap before
{Heap before GC invocations=25 (full 6):
 PSYoungGen      total 568832K, used 516685K [0x00000000d5580000, 0x0000000100000000, 0x0000000100000000)
  eden space 444928K, 100% used [0x00000000d5580000,0x00000000f0800000,0x00000000f0800000)
  from space 123904K, 57% used [0x00000000f8700000,0x00000000fcd13730,0x0000000100000000)
  to   space 126976K, 0% used [0x00000000f0800000,0x00000000f0800000,0x00000000f8400000)
 ParOldGen       total 573952K, used 364791K [0x0000000080000000, 0x00000000a3080000, 0x00000000d5580000)
  object space 573952K, 63% used [0x0000000080000000,0x000000009643df58,0x00000000a3080000)
 Metaspace       used 91024K, capacity 94138K, committed 94424K, reserved 1132544K
  class space    used 11153K, capacity 11911K, committed 12032K, reserved 1048576K
Event: 650.689 GC heap after
Heap after GC invocations=25 (full 6):
 PSYoungGen      total 520704K, used 75676K [0x00000000d5580000, 0x0000000100000000, 0x0000000100000000)
  eden space 444928K, 0% used [0x00000000d5580000,0x00000000d5580000,0x00000000f0800000)
  from space 75776K, 99% used [0x00000000f0800000,0x00000000f51e7050,0x00000000f5200000)
  to   space 130560K, 0% used [0x00000000f8080000,0x00000000f8080000,0x0000000100000000)
 ParOldGen       total 573952K, used 364799K [0x0000000080000000, 0x00000000a3080000, 0x00000000d5580000)
  object space 573952K, 63% used [0x0000000080000000,0x000000009643ff58,0x00000000a3080000)
 Metaspace       used 91024K, capacity 94138K, committed 94424K, reserved 1132544K
  class space    used 11153K, capacity 11911K, committed 12032K, reserved 1048576K
}
Event: 799.296 GC heap before
{Heap before GC invocations=26 (full 6):
 PSYoungGen      total 520704K, used 520604K [0x00000000d5580000, 0x0000000100000000, 0x0000000100000000)
  eden space 444928K, 100% used [0x00000000d5580000,0x00000000f0800000,0x00000000f0800000)
  from space 75776K, 99% used [0x00000000f0800000,0x00000000f51e7050,0x00000000f5200000)
  to   space 130560K, 0% used [0x00000000f8080000,0x00000000f8080000,0x0000000100000000)
 ParOldGen       total 573952K, used 364799K [0x0000000080000000, 0x00000000a3080000, 0x00000000d5580000)
  object space 573952K, 63% used [0x0000000080000000,0x000000009643ff58,0x00000000a3080000)
 Metaspace       used 91802K, capacity 95042K, committed 95192K, reserved 1132544K
  class space    used 11194K, capacity 12007K, committed 12032K, reserved 1048576K
Event: 799.430 GC heap after
Heap after GC invocations=26 (full 6):
 PSYoungGen      total 520192K, used 130549K [0x00000000d5580000, 0x0000000100000000, 0x0000000100000000)
  eden space 389632K, 0% used [0x00000000d5580000,0x00000000d5580000,0x00000000ed200000)
  from space 130560K, 99% used [0x00000000f8080000,0x00000000ffffd4e8,0x0000000100000000)
  to   space 154624K, 0% used [0x00000000ed200000,0x00000000ed200000,0x00000000f6900000)
 ParOldGen       total 573952K, used 369655K [0x0000000080000000, 0x00000000a3080000, 0x00000000d5580000)
  object space 573952K, 64% used [0x0000000080000000,0x00000000968fdf90,0x00000000a3080000)
 Metaspace       used 91802K, capacity 95042K, committed 95192K, reserved 1132544K
  class space    used 11194K, capacity 12007K, committed 12032K, reserved 1048576K
}
Event: 801.057 GC heap before
{Heap before GC invocations=27 (full 6):
 PSYoungGen      total 520192K, used 520181K [0x00000000d5580000, 0x0000000100000000, 0x0000000100000000)
  eden space 389632K, 100% used [0x00000000d5580000,0x00000000ed200000,0x00000000ed200000)
  from space 130560K, 99% used [0x00000000f8080000,0x00000000ffffd4e8,0x0000000100000000)
  to   space 154624K, 0% used [0x00000000ed200000,0x00000000ed200000,0x00000000f6900000)
 ParOldGen       total 573952K, used 369655K [0x0000000080000000, 0x00000000a3080000, 0x00000000d5580000)
  object space 573952K, 64% used [0x0000000080000000,0x00000000968fdf90,0x00000000a3080000)
 Metaspace       used 95513K, capacity 98806K, committed 99032K, reserved 1136640K
  class space    used 11650K, capacity 12475K, committed 12544K, reserved 1048576K
Event: 801.303 GC heap after
Heap after GC invocations=27 (full 6):
 PSYoungGen      total 544256K, used 154613K [0x00000000d5580000, 0x0000000100000000, 0x0000000100000000)
  eden space 389632K, 0% used [0x00000000d5580000,0x00000000d5580000,0x00000000ed200000)
  from space 154624K, 99% used [0x00000000ed200000,0x00000000f68fd488,0x00000000f6900000)
  to   space 154624K, 0% used [0x00000000f6900000,0x00000000f6900000,0x0000000100000000)
 ParOldGen       total 573952K, used 452511K [0x0000000080000000, 0x00000000a3080000, 0x00000000d5580000)
  object space 573952K, 78% used [0x0000000080000000,0x000000009b9e7da8,0x00000000a3080000)
 Metaspace       used 95513K, capacity 98806K, committed 99032K, reserved 1136640K
  class space    used 11650K, capacity 12475K, committed 12544K, reserved 1048576K
}
Event: 803.729 GC heap before
{Heap before GC invocations=28 (full 6):
 PSYoungGen      total 544256K, used 544245K [0x00000000d5580000, 0x0000000100000000, 0x0000000100000000)
  eden space 389632K, 100% used [0x00000000d5580000,0x00000000ed200000,0x00000000ed200000)
  from space 154624K, 99% used [0x00000000ed200000,0x00000000f68fd488,0x00000000f6900000)
  to   space 154624K, 0% used [0x00000000f6900000,0x00000000f6900000,0x0000000100000000)
 ParOldGen       total 573952K, used 452511K [0x0000000080000000, 0x00000000a3080000, 0x00000000d5580000)
  object space 573952K, 78% used [0x0000000080000000,0x000000009b9e7da8,0x00000000a3080000)
 Metaspace       used 95600K, capacity 98870K, committed 99032K, reserved 1136640K
  class space    used 11650K, capacity 12475K, committed 12544K, reserved 1048576K
Event: 803.921 GC heap after
Heap after GC invocations=28 (full 6):
 PSYoungGen      total 413184K, used 134332K [0x00000000d5580000, 0x0000000100000000, 0x0000000100000000)
  eden space 258560K, 0% used [0x00000000d5580000,0x00000000d5580000,0x00000000e5200000)
  from space 154624K, 86% used [0x00000000f6900000,0x00000000fec2f150,0x0000000100000000)
  to   space 220160K, 0% used [0x00000000e5200000,0x00000000e5200000,0x00000000f2900000)
 ParOldGen       total 573952K, used 492872K [0x0000000080000000, 0x00000000a3080000, 0x00000000d5580000)
  object space 573952K, 85% used [0x0000000080000000,0x000000009e152028,0x00000000a3080000)
 Metaspace       used 95600K, capacity 98870K, committed 99032K, reserved 1136640K
  class space    used 11650K, capacity 12475K, committed 12544K, reserved 1048576K
}
Event: 803.921 GC heap before
{Heap before GC invocations=29 (full 7):
 PSYoungGen      total 413184K, used 134332K [0x00000000d5580000, 0x0000000100000000, 0x0000000100000000)
  eden space 258560K, 0% used [0x00000000d5580000,0x00000000d5580000,0x00000000e5200000)
  from space 154624K, 86% used [0x00000000f6900000,0x00000000fec2f150,0x0000000100000000)
  to   space 220160K, 0% used [0x00000000e5200000,0x00000000e5200000,0x00000000f2900000)
 ParOldGen       total 573952K, used 492872K [0x0000000080000000, 0x00000000a3080000, 0x00000000d5580000)
  object space 573952K, 85% used [0x0000000080000000,0x000000009e152028,0x00000000a3080000)
 Metaspace       used 95600K, capacity 98870K, committed 99032K, reserved 1136640K
  class space    used 11650K, capacity 12475K, committed 12544K, reserved 1048576K

