# JRE version: OpenJDK Runtime Environment (8.0_112-b224) (build 1.8.0_112-release-b736)
# Java VM: OpenJDK 64-Bit Server VM (25.112-b736 mixed mode linux-amd64 compressed oops)
Heap:
 PSYoungGen      total 503296K, used 0K [0x00000000d5580000, 0x0000000100000000, 0x0000000100000000)
  eden space 327168K, 0% used [0x00000000d5580000,0x00000000d5580000,0x00000000e9500000)
  from space 176128K, 0% used [0x00000000f5400000,0x00000000f5400000,0x0000000100000000)
  to   space 185856K, 0% used [0x00000000e9500000,0x00000000e9500000,0x00000000f4a80000)
 ParOldGen       total 645632K, used 599122K [0x0000000080000000, 0x00000000a7680000, 0x00000000d5580000)
  object space 645632K, 92% used [0x0000000080000000,0x00000000a4914aa0,0x00000000a7680000)
 Metaspace       used 98075K, capacity 101870K, committed 102488K, reserved 1138688K
  class space    used 11894K, capacity 12801K, committed 12928K, reserved 1048576K
GC Heap History (10 events):
Event: 1066.715 GC heap after
Heap after GC invocations=28 (full 6):
 PSYoungGen      total 532480K, used 37769K [0x00000000d5580000, 0x00000000fec80000, 0x0000000100000000)
  eden space 411648K, 0% used [0x00000000d5580000,0x00000000d5580000,0x00000000ee780000)
  from space 120832K, 31% used [0x00000000f7680000,0x00000000f9b62438,0x00000000fec80000)
  to   space 133632K, 0% used [0x00000000ee780000,0x00000000ee780000,0x00000000f6a00000)
 ParOldGen       total 645632K, used 418055K [0x0000000080000000, 0x00000000a7680000, 0x00000000d5580000)
  object space 645632K, 64% used [0x0000000080000000,0x0000000099841ed0,0x00000000a7680000)
 Metaspace       used 93766K, capacity 97320K, committed 97496K, reserved 1134592K
  class space    used 11406K, capacity 12251K, committed 12288K, reserved 1048576K
}
Event: 2470.365 GC heap before
{Heap before GC invocations=29 (full 6):
 PSYoungGen      total 532480K, used 449417K [0x00000000d5580000, 0x00000000fec80000, 0x0000000100000000)
  eden space 411648K, 100% used [0x00000000d5580000,0x00000000ee780000,0x00000000ee780000)
  from space 120832K, 31% used [0x00000000f7680000,0x00000000f9b62438,0x00000000fec80000)
  to   space 133632K, 0% used [0x00000000ee780000,0x00000000ee780000,0x00000000f6a00000)
 ParOldGen       total 645632K, used 418055K [0x0000000080000000, 0x00000000a7680000, 0x00000000d5580000)
  object space 645632K, 64% used [0x0000000080000000,0x0000000099841ed0,0x00000000a7680000)
 Metaspace       used 94344K, capacity 98218K, committed 98392K, reserved 1134592K
  class space    used 11458K, capacity 12366K, committed 12416K, reserved 1048576K
Event: 2470.414 GC heap after
Heap after GC invocations=29 (full 6):
 PSYoungGen      total 545280K, used 56622K [0x00000000d5580000, 0x0000000100000000, 0x0000000100000000)
  eden space 411648K, 0% used [0x00000000d5580000,0x00000000d5580000,0x00000000ee780000)
  from space 133632K, 42% used [0x00000000ee780000,0x00000000f1ecb888,0x00000000f6a00000)
  to   space 128000K, 0% used [0x00000000f8300000,0x00000000f8300000,0x0000000100000000)
 ParOldGen       total 645632K, used 418063K [0x0000000080000000, 0x00000000a7680000, 0x00000000d5580000)
  object space 645632K, 64% used [0x0000000080000000,0x0000000099843ed0,0x00000000a7680000)
 Metaspace       used 94344K, capacity 98218K, committed 98392K, reserved 1134592K
  class space    used 11458K, capacity 12366K, committed 12416K, reserved 1048576K
}
Event: 2472.406 GC heap before
{Heap before GC invocations=30 (full 6):
 PSYoungGen      total 545280K, used 468270K [0x00000000d5580000, 0x0000000100000000, 0x0000000100000000)
  eden space 411648K, 100% used [0x00000000d5580000,0x00000000ee780000,0x00000000ee780000)
  from space 133632K, 42% used [0x00000000ee780000,0x00000000f1ecb888,0x00000000f6a00000)
  to   space 128000K, 0% used [0x00000000f8300000,0x00000000f8300000,0x0000000100000000)
 ParOldGen       total 645632K, used 418063K [0x0000000080000000, 0x00000000a7680000, 0x00000000d5580000)
  object space 645632K, 64% used [0x0000000080000000,0x0000000099843ed0,0x00000000a7680000)
 Metaspace       used 98186K, capacity 102146K, committed 102488K, reserved 1138688K
  class space    used 11934K, capacity 12874K, committed 12928K, reserved 1048576K
Event: 2472.617 GC heap after
Heap after GC invocations=30 (full 6):
 PSYoungGen      total 493056K, used 127975K [0x00000000d5580000, 0x0000000100000000, 0x0000000100000000)
  eden space 365056K, 0% used [0x00000000d5580000,0x00000000d5580000,0x00000000eba00000)
  from space 128000K, 99% used [0x00000000f8300000,0x00000000ffff9d60,0x0000000100000000)
  to   space 166912K, 0% used [0x00000000eba00000,0x00000000eba00000,0x00000000f5d00000)
 ParOldGen       total 645632K, used 465422K [0x0000000080000000, 0x00000000a7680000, 0x00000000d5580000)
  object space 645632K, 72% used [0x0000000080000000,0x000000009c683868,0x00000000a7680000)
 Metaspace       used 98186K, capacity 102146K, committed 102488K, reserved 1138688K
  class space    used 11934K, capacity 12874K, committed 12928K, reserved 1048576K
}
Event: 2474.897 GC heap before
{Heap before GC invocations=31 (full 6):
 PSYoungGen      total 493056K, used 493031K [0x00000000d5580000, 0x0000000100000000, 0x0000000100000000)
  eden space 365056K, 100% used [0x00000000d5580000,0x00000000eba00000,0x00000000eba00000)
  from space 128000K, 99% used [0x00000000f8300000,0x00000000ffff9d60,0x0000000100000000)
  to   space 166912K, 0% used [0x00000000eba00000,0x00000000eba00000,0x00000000f5d00000)
 ParOldGen       total 645632K, used 465422K [0x0000000080000000, 0x00000000a7680000, 0x00000000d5580000)
  object space 645632K, 72% used [0x0000000080000000,0x000000009c683868,0x00000000a7680000)
 Metaspace       used 98278K, capacity 102210K, committed 102488K, reserved 1138688K
  class space    used 11934K, capacity 12874K, committed 12928K, reserved 1048576K
Event: 2475.123 GC heap after
Heap after GC invocations=31 (full 6):
 PSYoungGen      total 522752K, used 157326K [0x00000000d5580000, 0x0000000100000000, 0x0000000100000000)
  eden space 365056K, 0% used [0x00000000d5580000,0x00000000d5580000,0x00000000eba00000)
  from space 157696K, 99% used [0x00000000eba00000,0x00000000f53a3840,0x00000000f5400000)
  to   space 176128K, 0% used [0x00000000f5400000,0x00000000f5400000,0x0000000100000000)
 ParOldGen       total 645632K, used 498368K [0x0000000080000000, 0x00000000a7680000, 0x00000000d5580000)
  object space 645632K, 77% used [0x0000000080000000,0x000000009e6b0178,0x00000000a7680000)
 Metaspace       used 98278K, capacity 102210K, committed 102488K, reserved 1138688K
  class space    used 11934K, capacity 12874K, committed 12928K, reserved 1048576K
}
Event: 2476.019 GC heap before
{Heap before GC invocations=32 (full 6):
 PSYoungGen      total 522752K, used 522382K [0x00000000d5580000, 0x0000000100000000, 0x0000000100000000)
  eden space 365056K, 100% used [0x00000000d5580000,0x00000000eba00000,0x00000000eba00000)
  from space 157696K, 99% used [0x00000000eba00000,0x00000000f53a3840,0x00000000f5400000)
  to   space 176128K, 0% used [0x00000000f5400000,0x00000000f5400000,0x0000000100000000)
 ParOldGen       total 645632K, used 498368K [0x0000000080000000, 0x00000000a7680000, 0x00000000d5580000)
  object space 645632K, 77% used [0x0000000080000000,0x000000009e6b0178,0x00000000a7680000)
 Metaspace       used 98284K, capacity 102210K, committed 102488K, reserved 1138688K
  class space    used 11934K, capacity 12874K, committed 12928K, reserved 1048576K
Event: 2476.194 GC heap after
Heap after GC invocations=32 (full 6):
 PSYoungGen      total 503296K, used 86708K [0x00000000d5580000, 0x0000000100000000, 0x0000000100000000)
  eden space 327168K, 0% used [0x00000000d5580000,0x00000000d5580000,0x00000000e9500000)
  from space 176128K, 49% used [0x00000000f5400000,0x00000000fa8ad1d0,0x0000000100000000)
  to   space 185856K, 0% used [0x00000000e9500000,0x00000000e9500000,0x00000000f4a80000)
 ParOldGen       total 645632K, used 589602K [0x0000000080000000, 0x00000000a7680000, 0x00000000d5580000)
  object space 645632K, 91% used [0x0000000080000000,0x00000000a3fc8a00,0x00000000a7680000)
 Metaspace       used 98284K, capacity 102210K, committed 102488K, reserved 1138688K
  class space    used 11934K, capacity 12874K, committed 12928K, reserved 1048576K
}
Event: 2476.194 GC heap before
{Heap before GC invocations=33 (full 7):
 PSYoungGen      total 503296K, used 86708K [0x00000000d5580000, 0x0000000100000000, 0x0000000100000000)
  eden space 327168K, 0% used [0x00000000d5580000,0x00000000d5580000,0x00000000e9500000)
  from space 176128K, 49% used [0x00000000f5400000,0x00000000fa8ad1d0,0x0000000100000000)
  to   space 185856K, 0% used [0x00000000e9500000,0x00000000e9500000,0x00000000f4a80000)
 ParOldGen       total 645632K, used 589602K [0x0000000080000000, 0x00000000a7680000, 0x00000000d5580000)
  object space 645632K, 91% used [0x0000000080000000,0x00000000a3fc8a00,0x00000000a7680000)
 Metaspace       used 98284K, capacity 102210K, committed 102488K, reserved 1138688K
  class space    used 11934K, capacity 12874K, committed 12928K, reserved 1048576K

